<?xml version="1.0" encoding="UTF-8"?>
<!-- Generated by org.testng.reporters.JUnitReportReporter -->
<testsuite hostname="LAPTOP-0IA56L33" failures="0" tests="3" name="com.tests.PostTest" time="8.987" errors="0" timestamp="2023-06-04T20:46:31 IST" skipped="0">
  <testcase classname="com.tests.PostTest" name="postDetails" time="2.527"/>
  <system-out/>
  <testcase classname="com.tests.PostTest" name="postTestUsingExternalFiles" time="3.230"/>
  <system-out/>
  <testcase classname="com.tests.PostTest" name="postTestUsingExternalFiles_singletonCheck" time="3.230"/>
  <system-out/>
</testsuite> <!-- com.tests.PostTest -->
